<?xml version="1.0" encoding="utf-8"?>
<TestRun id="4a05a170-6a93-4727-bcb7-9b839567a3d0" name="BenjaminBlumhofer@DESKTOP-73VA9N6 2025-11-30 09:43:38" runUser="AzureAD\BenjaminBlumhofer" xmlns="http://microsoft.com/schemas/VisualStudio/TeamTest/2010">
  <Times creation="2025-11-30T09:43:38.7727717+01:00" queuing="2025-11-30T09:43:38.7727720+01:00" start="2025-11-30T09:43:37.7667673+01:00" finish="2025-11-30T09:43:38.7834035+01:00" />
  <TestSettings name="default" id="55848a89-7719-4086-a15d-ef9018aca9bc">
    <Deployment runDeploymentRoot="BenjaminBlumhofer_DESKTOP-73VA9N6_2025-11-30_09_43_38" />
  </TestSettings>
  <Results>
    <UnitTestResult executionId="37891f42-c68e-4589-94a0-7c0ea4e0206a" testId="b3763256-7943-4d4f-11bd-ed24073e2b39" testName="DataChangeNotification_NotifiesSubscriber_OnMonitoringNode" computerName="DESKTOP-73VA9N6" duration="00:00:00.3975806" startTime="2025-11-30T09:43:38.2860428+01:00" endTime="2025-11-30T09:43:38.6950405+01:00" testType="13cdc9d9-ddb5-4fa4-a97d-d965ccfc6d4b" outcome="Failed" testListId="8c84fa94-04c1-424b-9868-57a2d4851a1d" relativeResultsDirectory="37891f42-c68e-4589-94a0-7c0ea4e0206a">
      <Output>
        <ErrorInfo>
          <Message>Fehler bei "Assert.AreEqual". Erwartet:&lt;MyState&gt;. Tatsächlich:&lt;(NULL)&gt;. </Message>
          <StackTrace>   at UAClient.Tests.RemoteComponentTests.DataChangeNotification_NotifiesSubscriber_OnMonitoringNode() in c:\Users\BenjaminBlumhofer\source\tmp\pyuaadapter\cs_client\UAClient.Tests\RemoteComponentTests.cs:line 42&#xD;
   at System.Reflection.MethodBaseInvoker.InterpretedInvoke_Method(Object obj, IntPtr* args)&#xD;
   at System.Reflection.MethodBaseInvoker.InvokeWithNoArgs(Object obj, BindingFlags invokeAttr)&#xD;
</StackTrace>
        </ErrorInfo>
      </Output>
    </UnitTestResult>
  </Results>
  <TestDefinitions>
    <UnitTest name="DataChangeNotification_NotifiesSubscriber_OnMonitoringNode" storage="c:\users\benjaminblumhofer\source\tmp\pyuaadapter\cs_client\uaclient.tests\bin\debug\net10.0\uaclient.tests.dll" id="b3763256-7943-4d4f-11bd-ed24073e2b39">
      <Execution id="37891f42-c68e-4589-94a0-7c0ea4e0206a" />
      <TestMethod codeBase="c:\Users\BenjaminBlumhofer\source\tmp\pyuaadapter\cs_client\UAClient.Tests\bin\Debug\net10.0\UAClient.Tests.dll" adapterTypeName="executor://mstestadapter/v2" className="UAClient.Tests.RemoteComponentTests" name="DataChangeNotification_NotifiesSubscriber_OnMonitoringNode" />
    </UnitTest>
  </TestDefinitions>
  <TestEntries>
    <TestEntry testId="b3763256-7943-4d4f-11bd-ed24073e2b39" executionId="37891f42-c68e-4589-94a0-7c0ea4e0206a" testListId="8c84fa94-04c1-424b-9868-57a2d4851a1d" />
  </TestEntries>
  <TestLists>
    <TestList name="Ergebnisse nicht in einer Liste" id="8c84fa94-04c1-424b-9868-57a2d4851a1d" />
    <TestList name="Alle geladenen Ergebnisse" id="19431567-8539-422a-85d7-44ee4e166bda" />
  </TestLists>
  <ResultSummary outcome="Failed">
    <Counters total="1" executed="1" passed="0" failed="1" error="0" timeout="0" aborted="0" inconclusive="0" passedButRunAborted="0" notRunnable="0" notExecuted="0" disconnected="0" warning="0" completed="0" inProgress="0" pending="0" />
  </ResultSummary>
</TestRun>