<?xml version="1.0" encoding="utf-8"?>
<TestRun id="310c3b29-1d2d-4050-ab0b-648b06efc3db" name="BenjaminBlumhofer@DESKTOP-73VA9N6 2025-11-30 09:43:58" runUser="AzureAD\BenjaminBlumhofer" xmlns="http://microsoft.com/schemas/VisualStudio/TeamTest/2010">
  <Times creation="2025-11-30T09:43:58.6491124+01:00" queuing="2025-11-30T09:43:58.6491127+01:00" start="2025-11-30T09:43:58.2005957+01:00" finish="2025-11-30T09:43:58.6525731+01:00" />
  <TestSettings name="default" id="be7f9ec7-4b18-4435-a2a1-dcf2219b0430">
    <Deployment runDeploymentRoot="BenjaminBlumhofer_DESKTOP-73VA9N6_2025-11-30_09_43_58" />
  </TestSettings>
  <Results>
    <UnitTestResult executionId="4ca4e5ad-ee80-446e-8cdd-0de0fd270157" testId="b3763256-7943-4d4f-11bd-ed24073e2b39" testName="DataChangeNotification_NotifiesSubscriber_OnMonitoringNode" computerName="DESKTOP-73VA9N6" duration="00:00:00.0110360" startTime="2025-11-30T09:43:58.5542987+01:00" endTime="2025-11-30T09:43:58.5728710+01:00" testType="13cdc9d9-ddb5-4fa4-a97d-d965ccfc6d4b" outcome="Passed" testListId="8c84fa94-04c1-424b-9868-57a2d4851a1d" relativeResultsDirectory="4ca4e5ad-ee80-446e-8cdd-0de0fd270157" />
  </Results>
  <TestDefinitions>
    <UnitTest name="DataChangeNotification_NotifiesSubscriber_OnMonitoringNode" storage="c:\users\benjaminblumhofer\source\tmp\pyuaadapter\cs_client\uaclient.tests\bin\debug\net10.0\uaclient.tests.dll" id="b3763256-7943-4d4f-11bd-ed24073e2b39">
      <Execution id="4ca4e5ad-ee80-446e-8cdd-0de0fd270157" />
      <TestMethod codeBase="c:\Users\BenjaminBlumhofer\source\tmp\pyuaadapter\cs_client\UAClient.Tests\bin\Debug\net10.0\UAClient.Tests.dll" adapterTypeName="executor://mstestadapter/v2" className="UAClient.Tests.RemoteComponentTests" name="DataChangeNotification_NotifiesSubscriber_OnMonitoringNode" />
    </UnitTest>
  </TestDefinitions>
  <TestEntries>
    <TestEntry testId="b3763256-7943-4d4f-11bd-ed24073e2b39" executionId="4ca4e5ad-ee80-446e-8cdd-0de0fd270157" testListId="8c84fa94-04c1-424b-9868-57a2d4851a1d" />
  </TestEntries>
  <TestLists>
    <TestList name="Ergebnisse nicht in einer Liste" id="8c84fa94-04c1-424b-9868-57a2d4851a1d" />
    <TestList name="Alle geladenen Ergebnisse" id="19431567-8539-422a-85d7-44ee4e166bda" />
  </TestLists>
  <ResultSummary outcome="Completed">
    <Counters total="1" executed="1" passed="1" failed="0" error="0" timeout="0" aborted="0" inconclusive="0" passedButRunAborted="0" notRunnable="0" notExecuted="0" disconnected="0" warning="0" completed="0" inProgress="0" pending="0" />
  </ResultSummary>
</TestRun>